Jul-05 10:13:07.225 [main] DEBUG nextflow.cli.Launcher - $> nextflow run main.nf
Jul-05 10:13:07.258 [main] INFO  nextflow.cli.CmdRun - N E X T F L O W  ~  version 23.10.0
Jul-05 10:13:07.272 [main] DEBUG nextflow.plugin.PluginsFacade - Setting up plugin manager > mode=prod; embedded=false; plugins-dir=/Users/danielgates/.nextflow/plugins; core-plugins: nf-amazon@2.1.4,nf-azure@1.3.2,nf-cloudcache@0.3.0,nf-codecommit@0.1.5,nf-console@1.0.6,nf-ga4gh@1.1.0,nf-google@1.8.3,nf-tower@1.6.3,nf-wave@1.0.0
Jul-05 10:13:07.279 [main] INFO  o.pf4j.DefaultPluginStatusProvider - Enabled plugins: []
Jul-05 10:13:07.279 [main] INFO  o.pf4j.DefaultPluginStatusProvider - Disabled plugins: []
Jul-05 10:13:07.281 [main] INFO  org.pf4j.DefaultPluginManager - PF4J version 3.4.1 in 'deployment' mode
Jul-05 10:13:07.288 [main] INFO  org.pf4j.AbstractPluginManager - No plugins
Jul-05 10:13:07.303 [main] DEBUG nextflow.config.ConfigBuilder - Found config local: /Users/danielgates/Desktop/health-omics/nextflow.config
Jul-05 10:13:07.304 [main] DEBUG nextflow.config.ConfigBuilder - Parsing config file: /Users/danielgates/Desktop/health-omics/nextflow.config
Jul-05 10:13:07.317 [main] DEBUG nextflow.config.ConfigBuilder - Applying config profile: `standard`
Jul-05 10:13:07.607 [main] DEBUG nextflow.cli.CmdRun - Applied DSL=2 by global default
Jul-05 10:13:07.615 [main] INFO  nextflow.cli.CmdRun - Launching `main.nf` [hungry_montalcini] DSL2 - revision: b1553219dd
Jul-05 10:13:07.615 [main] DEBUG nextflow.plugin.PluginsFacade - Plugins default=[]
Jul-05 10:13:07.615 [main] DEBUG nextflow.plugin.PluginsFacade - Plugins resolved requirement=[]
Jul-05 10:13:07.620 [main] DEBUG n.secret.LocalSecretsProvider - Secrets store: /Users/danielgates/.nextflow/secrets/store.json
Jul-05 10:13:07.622 [main] DEBUG nextflow.secret.SecretsLoader - Discovered secrets providers: [nextflow.secret.LocalSecretsProvider@43af351a] - activable => nextflow.secret.LocalSecretsProvider@43af351a
Jul-05 10:13:07.654 [main] DEBUG nextflow.Session - Session UUID: 5a499bf8-0b43-40db-a41a-27435d0d918c
Jul-05 10:13:07.654 [main] DEBUG nextflow.Session - Run name: hungry_montalcini
Jul-05 10:13:07.654 [main] DEBUG nextflow.Session - Executor pool size: 8
Jul-05 10:13:07.659 [main] DEBUG nextflow.file.FilePorter - File porter settings maxRetries=3; maxTransfers=50; pollTimeout=null
Jul-05 10:13:07.683 [main] DEBUG nextflow.cli.CmdRun - 
  Version: 23.10.0 build 5889
  Created: 15-10-2023 15:07 UTC (08:07 PDT)
  System: Mac OS X 14.4
  Runtime: Groovy 3.0.19 on OpenJDK 64-Bit Server VM 21.0.1
  Encoding: UTF-8 (UTF-8)
  Process: 17394@Daniels-Mac-mini.local [127.0.0.1]
  CPUs: 8 - Mem: 8 GB (868.1 MB) - Swap: 6 GB (1.1 GB) - Virtual threads ON
Jul-05 10:13:07.698 [main] DEBUG nextflow.Session - Work-dir: /Users/danielgates/Desktop/health-omics/work [Mac OS X]
Jul-05 10:13:07.698 [main] DEBUG nextflow.Session - Script base path does not exist or is not a directory: /Users/danielgates/Desktop/health-omics/bin
Jul-05 10:13:07.706 [main] DEBUG nextflow.executor.ExecutorFactory - Extension executors providers=[]
Jul-05 10:13:07.713 [main] DEBUG nextflow.Session - Observer factory: DefaultObserverFactory
Jul-05 10:13:07.725 [main] DEBUG nextflow.cache.CacheFactory - Using Nextflow cache factory: nextflow.cache.DefaultCacheFactory
Jul-05 10:13:07.731 [main] DEBUG nextflow.util.CustomPoolFactory - Creating virtual thread pool
Jul-05 10:13:07.764 [main] DEBUG nextflow.Session - Session start
Jul-05 10:13:07.883 [main] DEBUG nextflow.script.ScriptRunner - > Launching execution
Jul-05 10:13:07.929 [main] DEBUG nextflow.executor.ExecutorFactory - << taskConfig executor: null
Jul-05 10:13:07.930 [main] DEBUG nextflow.executor.ExecutorFactory - >> processorType: 'local'
Jul-05 10:13:07.932 [main] DEBUG nextflow.executor.Executor - [warm up] executor > local
Jul-05 10:13:07.935 [main] DEBUG n.processor.LocalPollingMonitor - Creating local task monitor for executor 'local' > cpus=8; memory=8 GB; capacity=8; pollInterval=100ms; dumpInterval=5m
Jul-05 10:13:07.937 [main] DEBUG n.processor.TaskPollingMonitor - >>> barrier register (monitor: local)
Jul-05 10:13:07.980 [main] DEBUG nextflow.executor.ExecutorFactory - << taskConfig executor: null
Jul-05 10:13:07.980 [main] DEBUG nextflow.executor.ExecutorFactory - >> processorType: 'local'
Jul-05 10:13:07.983 [main] DEBUG nextflow.Session - Workflow process names [dsl2]: convertToUpper, readSpots
Jul-05 10:13:07.983 [main] DEBUG nextflow.Session - Igniting dataflow network (2)
Jul-05 10:13:07.984 [main] DEBUG nextflow.processor.TaskProcessor - Starting process > readSpots
Jul-05 10:13:07.984 [main] DEBUG nextflow.processor.TaskProcessor - Starting process > convertToUpper
Jul-05 10:13:07.984 [main] DEBUG nextflow.script.ScriptRunner - Parsed script files:
  Script_7b7eb39a8635f2cd: /Users/danielgates/Desktop/health-omics/main.nf
Jul-05 10:13:07.984 [main] DEBUG nextflow.script.ScriptRunner - > Awaiting termination 
Jul-05 10:13:07.984 [main] DEBUG nextflow.Session - Session await
Jul-05 10:13:08.068 [Task submitter] DEBUG n.executor.local.LocalTaskHandler - Launch cmd line: /bin/bash -ue .command.run
Jul-05 10:13:08.069 [Task submitter] INFO  nextflow.Session - [32/5b75e2] Submitted process > readSpots
Jul-05 10:13:08.650 [Task monitor] DEBUG n.processor.TaskPollingMonitor - Task completed > TaskHandler[id: 1; name: readSpots; status: COMPLETED; exit: 0; error: -; workDir: /Users/danielgates/Desktop/health-omics/work/32/5b75e2f0e254aba8d1c909b813e365]
Jul-05 10:13:08.685 [Task submitter] DEBUG n.executor.local.LocalTaskHandler - Launch cmd line: /bin/bash -ue .command.run
Jul-05 10:13:08.685 [Task submitter] INFO  nextflow.Session - [a7/7e8c24] Submitted process > convertToUpper
Jul-05 10:13:09.075 [Task monitor] DEBUG n.processor.TaskPollingMonitor - Task completed > TaskHandler[id: 2; name: convertToUpper; status: COMPLETED; exit: 0; error: -; workDir: /Users/danielgates/Desktop/health-omics/work/a7/7e8c245ab273b01bbb841b2d968263]
Jul-05 10:13:09.076 [main] DEBUG nextflow.Session - Session await > all processes finished
Jul-05 10:13:09.078 [Task monitor] DEBUG n.processor.TaskPollingMonitor - <<< barrier arrives (monitor: local) - terminating tasks monitor poll loop
Jul-05 10:13:09.078 [main] DEBUG nextflow.Session - Session await > all barriers passed
Jul-05 10:13:09.081 [main] DEBUG n.trace.WorkflowStatsObserver - Workflow completed > WorkflowStats[succeededCount=2; failedCount=0; ignoredCount=0; cachedCount=0; pendingCount=0; submittedCount=0; runningCount=0; retriesCount=0; abortedCount=0; succeedDuration=823ms; failedDuration=0ms; cachedDuration=0ms;loadCpus=0; loadMemory=0; peakRunning=1; peakCpus=1; peakMemory=0; ]
Jul-05 10:13:09.258 [main] DEBUG nextflow.cache.CacheDB - Closing CacheDB done
Jul-05 10:13:09.274 [main] DEBUG nextflow.util.ThreadPoolManager - Thread pool 'FileTransfer' shutdown completed (hard=false)
Jul-05 10:13:09.274 [main] DEBUG nextflow.script.ScriptRunner - > Execution complete -- Goodbye
